<?xml version="1.0" encoding="UTF-8"?>
<!-- Generated by org.testng.reporters.JUnitReportReporter -->
<testsuite skipped="0" hostname="Azad-MacBook-Pro.local" name="api.CheckStatusCode" tests="1" failures="0" timestamp="25 Apr 2021 17:32:05 GMT" time="2.055" errors="0">
  <testcase name="GetWeatherDetails" time="2.055" classname="api.CheckStatusCode"/>
</testsuite> <!-- api.CheckStatusCode -->
